2026-02-24 09:00:01 INFO API service initialized
2026-02-24 09:00:05 INFO Health check endpoint registered
2026-02-24 09:01:12 INFO Incoming request GET /users
2026-02-24 09:01:15 INFO Response sent 200 OK
2026-02-24 09:02:03 INFO Incoming request POST /login
2026-02-24 09:02:04 ERROR Failed to authenticate user
2026-02-24 09:03:10 INFO Incoming request GET /products
2026-02-24 09:03:12 WARNING Slow response time detected
2026-02-24 09:04:22 INFO Incoming request GET /orders
2026-02-24 09:05:18 ERROR Timeout while processing request
2026-02-24 09:06:40 INFO Incoming request PUT /profile
2026-02-24 09:07:05 INFO Response sent 200 OK
2026-02-24 09:08:30 WARNING High request latency
2026-02-24 09:09:01 INFO Cache refreshed
2026-02-24 09:10:14 INFO Incoming request DELETE /session
2026-02-24 09:10:16 INFO Response sent 204 No Content
2026-02-24 09:11:30 ERROR Invalid request payload
2026-02-24 09:12:45 INFO Metrics pushed to monitoring
2026-02-24 09:13:50 INFO Incoming request GET /notifications
2026-02-24 09:14:03 INFO Response sent 200 OK
2026-02-24 09:15:20 WARNING API rate limit nearing threshold
2026-02-24 09:16:01 INFO Background job triggered
2026-02-24 09:17:33 ERROR Failed to serialize response
2026-02-24 09:18:05 INFO Request processed successfully
2026-02-24 09:19:10 INFO Incoming request GET /dashboard
2026-02-24 09:20:22 INFO Response sent 200 OK
2026-02-24 09:21:35 INFO API heartbeat OK
2026-02-24 09:22:10 WARNING Memory usage increasing
2026-02-24 09:23:55 INFO Request completed
2026-02-24 09:24:30 INFO API service running normally
