2026-02-24 09:00:01 INFO Application starting
2026-02-24 09:00:05 INFO Loading configuration
2026-02-24 09:00:10 INFO Database connection established
2026-02-24 09:01:12 INFO User session initialized
2026-02-24 09:02:20 INFO Cache warmed successfully
2026-02-24 09:03:30 WARNING High memory usage detected
2026-02-24 09:04:15 INFO Background scheduler started
2026-02-24 09:05:40 INFO User request processed
2026-02-24 09:06:22 ERROR Failed to load user profile
2026-02-24 09:07:11 INFO Retrying request
2026-02-24 09:07:15 INFO Request successful
2026-02-24 09:08:30 INFO Metrics collected
2026-02-24 09:09:44 WARNING Slow response time
2026-02-24 09:10:50 INFO Feature flag updated
2026-02-24 09:11:33 INFO User logout successful
2026-02-24 09:12:45 INFO New user registration
2026-02-24 09:13:20 ERROR Email service unavailable
2026-02-24 09:14:02 INFO Email retry scheduled
2026-02-24 09:15:18 INFO Notification sent
2026-02-24 09:16:55 INFO Session refreshed
2026-02-24 09:17:35 WARNING Disk usage nearing limit
2026-02-24 09:18:22 INFO Data sync completed
2026-02-24 09:19:01 INFO Cache cleared
2026-02-24 09:20:15 INFO Application heartbeat OK
2026-02-24 09:21:40 ERROR Unexpected null pointer
2026-02-24 09:22:10 INFO Recovery process started
2026-02-24 09:22:30 INFO Recovery successful
2026-02-24 09:23:05 INFO Request processed
2026-02-24 09:23:55 INFO Application running normally
2026-02-24 09:24:30 INFO End of log cycle
