2026-02-24 09:00:01 INFO Authentication service started
2026-02-24 09:01:10 INFO User login attempt user_id=1023
2026-02-24 09:01:12 INFO Login successful
2026-02-24 09:02:20 INFO Token issued
2026-02-24 09:03:05 WARNING Multiple failed login attempts
2026-02-24 09:04:12 ERROR Invalid credentials provided
2026-02-24 09:05:00 INFO User logout user_id=1023
2026-02-24 09:06:30 INFO Session terminated
2026-02-24 09:07:15 INFO User login attempt user_id=1045
2026-02-24 09:07:18 INFO Login successful
2026-02-24 09:08:22 WARNING Token nearing expiration
2026-02-24 09:09:33 INFO Token refreshed
2026-02-24 09:10:44 INFO Password reset request
2026-02-24 09:10:50 ERROR Failed to send reset email
2026-02-24 09:11:30 INFO Retry email send successful
2026-02-24 09:12:10 INFO User login attempt user_id=1102
2026-02-24 09:12:12 INFO Login successful
2026-02-24 09:13:55 WARNING Suspicious login detected
2026-02-24 09:14:30 INFO MFA challenge issued
2026-02-24 09:14:35 INFO MFA verified
2026-02-24 09:15:10 INFO Session created
2026-02-24 09:16:45 ERROR Token validation failed
2026-02-24 09:17:05 INFO Token reissued
2026-02-24 09:18:25 INFO User logout user_id=1102
2026-02-24 09:19:00 INFO Authentication health check OK
2026-02-24 09:20:40 WARNING High authentication latency
2026-02-24 09:21:55 INFO Metrics sent
2026-02-24 09:22:33 INFO Session cleanup completed
2026-02-24 09:23:10 INFO Auth service running normally
