2026-02-24 09:00:02 INFO Database connection established
2026-02-24 09:01:15 INFO Executing query SELECT * FROM users
2026-02-24 09:01:17 INFO Query completed successfully
2026-02-24 09:02:40 INFO Executing query INSERT INTO sessions
2026-02-24 09:02:41 INFO Transaction committed
2026-02-24 09:03:55 WARNING Slow query detected
2026-02-24 09:04:30 INFO Connection pool size: 10
2026-02-24 09:05:10 INFO Executing query UPDATE profiles
2026-02-24 09:05:11 ERROR Failed to execute query
2026-02-24 09:06:20 INFO Retry attempt successful
2026-02-24 09:07:25 INFO Executing query SELECT * FROM orders
2026-02-24 09:07:27 INFO Query completed successfully
2026-02-24 09:08:30 WARNING Database CPU usage high
2026-02-24 09:09:01 INFO Connection health check OK
2026-02-24 09:10:44 ERROR Connection timeout
2026-02-24 09:11:02 INFO Reconnected to database
2026-02-24 09:12:33 INFO Executing query DELETE FROM sessions
2026-02-24 09:12:35 INFO Rows affected: 1
2026-02-24 09:13:55 INFO Executing query SELECT * FROM inventory
2026-02-24 09:13:58 INFO Query completed successfully
2026-02-24 09:14:22 WARNING Disk I/O latency detected
2026-02-24 09:15:41 INFO Transaction committed
2026-02-24 09:16:30 INFO Executing query UPDATE orders
2026-02-24 09:16:31 ERROR Deadlock detected
2026-02-24 09:17:05 INFO Transaction retried successfully
2026-02-24 09:18:20 INFO Backup snapshot created
2026-02-24 09:19:15 INFO Connection pool refreshed
2026-02-24 09:20:45 INFO Database running normally
2026-02-24 09:21:30 WARNING Cache miss rate high
2026-02-24 09:22:05 INFO Metrics sent to monitoring
