2026-02-24 09:00:00 INFO Server boot initiated
2026-02-24 09:00:04 INFO Kernel modules loaded
2026-02-24 09:00:10 INFO Network interfaces configured
2026-02-24 09:01:15 INFO Server listening on port 8080
2026-02-24 09:02:22 INFO Health check passed
2026-02-24 09:03:45 WARNING High CPU utilization
2026-02-24 09:04:12 INFO New connection established
2026-02-24 09:05:33 INFO Connection closed
2026-02-24 09:06:10 ERROR Failed to bind socket
2026-02-24 09:06:45 INFO Retrying port binding
2026-02-24 09:07:00 INFO Port binding successful
2026-02-24 09:08:18 INFO Request routed to service
2026-02-24 09:09:25 INFO Request completed
2026-02-24 09:10:40 WARNING Memory usage high
2026-02-24 09:11:55 INFO Load balancer check OK
2026-02-24 09:12:30 INFO SSL certificate validated
2026-02-24 09:13:22 INFO Session established
2026-02-24 09:14:44 ERROR TLS handshake failed
2026-02-24 09:15:01 INFO Retry connection successful
2026-02-24 09:16:12 INFO Server metrics recorded
2026-02-24 09:17:20 WARNING Disk latency detected
2026-02-24 09:18:35 INFO Background cleanup executed
2026-02-24 09:19:40 INFO Server load normalized
2026-02-24 09:20:55 INFO New connection established
2026-02-24 09:21:30 INFO Connection closed
2026-02-24 09:22:10 ERROR Worker process crashed
2026-02-24 09:22:45 INFO Worker restarted
2026-02-24 09:23:30 INFO Server health OK
2026-02-24 09:24:15 INFO Metrics pushed
2026-02-24 09:25:00 INFO Server running normally
