2026-02-24 09:00:00 INFO Background worker started
2026-02-24 09:01:20 INFO Job queue initialized
2026-02-24 09:02:15 INFO Processing job id=345
2026-02-24 09:02:18 INFO Job completed successfully
2026-02-24 09:03:22 INFO Processing job id=346
2026-02-24 09:03:25 ERROR Job failed due to timeout
2026-02-24 09:04:10 INFO Retrying job id=346
2026-02-24 09:04:14 INFO Job completed successfully
2026-02-24 09:05:50 WARNING Job processing delay detected
2026-02-24 09:06:30 INFO Queue size: 5
2026-02-24 09:07:10 INFO Processing job id=347
2026-02-24 09:07:15 INFO Job completed successfully
2026-02-24 09:08:45 INFO Processing job id=348
2026-02-24 09:08:50 ERROR Worker memory limit exceeded
2026-02-24 09:09:05 INFO Worker restarted
2026-02-24 09:10:30 INFO Processing job id=349
2026-02-24 09:10:33 INFO Job completed successfully
2026-02-24 09:11:45 WARNING Queue backlog increasing
2026-02-24 09:12:20 INFO Processing job id=350
2026-02-24 09:12:25 INFO Job completed successfully
2026-02-24 09:13:30 INFO Worker heartbeat OK
2026-02-24 09:14:50 INFO Processing job id=351
2026-02-24 09:14:55 ERROR Job failed due to network issue
2026-02-24 09:15:10 INFO Retry scheduled
2026-02-24 09:16:40 INFO Processing job id=352
2026-02-24 09:16:45 INFO Job completed successfully
2026-02-24 09:17:55 INFO Metrics reported
2026-02-24 09:18:20 INFO Worker running normally
